-------------------------------------------------------------------------------
Test set: PasswordTest
-------------------------------------------------------------------------------
Tests run: 2, Failures: 1, Errors: 0, Skipped: 0, Time elapsed: 0.003 s <<< FAILURE! - in PasswordTest
PasswordTest.testPasswordStrengthWithOnlyLowercase  Time elapsed: 0.001 s  <<< FAILURE!
org.opentest4j.AssertionFailedError: Password with only lowercase letters should have a strength of 1 ==> expected: <1> but was: <2>
	at PasswordTest.testPasswordStrengthWithOnlyLowercase(PasswordTest.java:9)

