<?xml version="1.0" encoding="UTF-8"?>
<testsuite xmlns:xsi="http://www.w3.org/2001/XMLSchema-instance" xsi:noNamespaceSchemaLocation="https://maven.apache.org/surefire/maven-surefire-plugin/xsd/surefire-test-report-3.0.xsd" version="3.0" name="GeneratorTest" time="0.027" tests="3" errors="0" skipped="0" failures="2">
  <properties>
[...]
</properties>
  <testcase name="testRequestPassword" classname="GeneratorTest" time="0.017">
    <failure type="org.opentest4j.AssertionFailedError"><![CDATA[org.opentest4j.AssertionFailedError: expected: <true> but was: <false>
	at GeneratorTest.testRequestPassword(GeneratorTest.java:114)
]]></failure>
    <system-err><![CDATA[Your generated password -> 3p5?T@wh?EBl
]]></system-err>
  </testcase>
  <testcase name="testCheckPassword" classname="GeneratorTest" time="0.001">
    <failure type="org.opentest4j.AssertionFailedError"><![CDATA[org.opentest4j.AssertionFailedError: expected: <true> but was: <false>
	at GeneratorTest.testCheckPassword(GeneratorTest.java:86)
]]></failure>
  </testcase>
  <testcase name="testIsInclude" classname="GeneratorTest" time="0.001"/>
</testsuite>